#
# There is insufficient memory for the Java Runtime Environment to continue.
# Native memory allocation (mmap) failed to map 119537664 bytes for G1 virtual space
# Possible reasons:
#   The system is out of physical RAM or swap space
#   The process is running with CompressedOops enabled, and the Java Heap may be blocking the growth of the native heap
# Possible solutions:
#   Reduce memory load on the system
#   Increase physical memory or swap space
#   Check if swap backing store is full
#   Decrease Java heap size (-Xmx/-Xms)
#   Decrease number of Java threads
#   Decrease Java thread stack sizes (-Xss)
#   Set larger code cache with -XX:ReservedCodeCacheSize=
#   JVM is running with Unscaled Compressed Oops mode in which the Java heap is
#     placed in the first 4GB address space. The Java Heap base address is the
#     maximum limit for the native heap growth. Please use -XX:HeapBaseMinAddress
#     to set the Java Heap base and to place the Java Heap above 4GB virtual address.
# This output file may be truncated or incomplete.
#
#  Out of Memory Error (os_windows.cpp:3617), pid=13832, tid=6508
#
# JRE version: OpenJDK Runtime Environment Microsoft-8297089 (17.0.8.1+1) (build 17.0.8.1+1-LTS)
# Java VM: OpenJDK 64-Bit Server VM Microsoft-8297089 (17.0.8.1+1-LTS, mixed mode, sharing, tiered, compressed oops, compressed class ptrs, g1 gc, windows-amd64)
# No core dump will be written. Minidumps are not enabled by default on client versions of Windows
#

---------------  S U M M A R Y ------------

Command Line: -Dapplication.home=C:\Program Files (x86)\Android\openjdk\jdk-17.0.8.101-hotspot --add-modules=ALL-DEFAULT -Xms8m -Dfile.encoding=UTF8 -Djdk.module.main=jdk.compiler jdk.compiler/com.sun.tools.javac.Main @C:\Users\DELL\AppData\Local\Temp\tmpD1F0.tmp -target 1.8 -source 1.8

Host: Intel(R) Core(TM) i5-3340M CPU @ 2.70GHz, 4 cores, 3G,  Windows 10 , 64 bit Build 19041 (10.0.19041.4957)
Time: Sat Oct 19 18:19:20 2024 Pakistan Standard Time elapsed time: 14.408509 seconds (0d 0h 0m 14s)

---------------  T H R E A D  ---------------

Current thread (0x00000262bc402ef0):  VMThread "VM Thread" [stack: 0x000000a736900000,0x000000a736a00000] [id=6508]

Stack: [0x000000a736900000,0x000000a736a00000]
Native frames: (J=compiled Java code, j=interpreted, Vv=VM code, C=native code)
V  [jvm.dll+0x67bf3a]
V  [jvm.dll+0x83a024]
V  [jvm.dll+0x83b7ce]
V  [jvm.dll+0x83be33]
V  [jvm.dll+0x24785f]
V  [jvm.dll+0x678cb9]
V  [jvm.dll+0x66d54a]
V  [jvm.dll+0x308feb]
V  [jvm.dll+0x310496]
V  [jvm.dll+0x36019e]
V  [jvm.dll+0x3603cf]
V  [jvm.dll+0x2dff38]
V  [jvm.dll+0x2de114]
V  [jvm.dll+0x2dd71c]
V  [jvm.dll+0x32143b]
V  [jvm.dll+0x84032b]
V  [jvm.dll+0x841064]
V  [jvm.dll+0x84157d]
V  [jvm.dll+0x841954]
V  [jvm.dll+0x841a20]
V  [jvm.dll+0x7ea13a]
V  [jvm.dll+0x67ad85]
C  [ucrtbase.dll+0x21bb2]
C  [KERNEL32.DLL+0x17374]
C  [ntdll.dll+0x4cc91]

VM_Operation (0x000000a7363fd550): G1CollectForAllocation, mode: safepoint, requested by thread 0x00000262a0f405e0


---------------  P R O C E S S  ---------------

Threads class SMR info:
_java_thread_list=0x00000262bc62ea50, length=12, elements={
0x00000262a0f405e0, 0x00000262bc4086a0, 0x00000262bc409520, 0x00000262bc420550,
0x00000262bc423020, 0x00000262bc4239e0, 0x00000262bc4243a0, 0x00000262bc4260a0,
0x00000262bc426aa0, 0x00000262bc494a90, 0x00000262a0ff5450, 0x00000262bc689340
}

Java Threads: ( => current thread )
  0x00000262a0f405e0 JavaThread "main" [_thread_blocked, id=12036, stack(0x000000a736300000,0x000000a736400000)]
  0x00000262bc4086a0 JavaThread "Reference Handler" daemon [_thread_blocked, id=6120, stack(0x000000a736a00000,0x000000a736b00000)]
  0x00000262bc409520 JavaThread "Finalizer" daemon [_thread_blocked, id=1904, stack(0x000000a736b00000,0x000000a736c00000)]
  0x00000262bc420550 JavaThread "Signal Dispatcher" daemon [_thread_blocked, id=1876, stack(0x000000a736c00000,0x000000a736d00000)]
  0x00000262bc423020 JavaThread "Attach Listener" daemon [_thread_blocked, id=10868, stack(0x000000a736d00000,0x000000a736e00000)]
  0x00000262bc4239e0 JavaThread "Service Thread" daemon [_thread_blocked, id=1196, stack(0x000000a736e00000,0x000000a736f00000)]
  0x00000262bc4243a0 JavaThread "Monitor Deflation Thread" daemon [_thread_blocked, id=10708, stack(0x000000a736f00000,0x000000a737000000)]
  0x00000262bc4260a0 JavaThread "C2 CompilerThread0" daemon [_thread_blocked, id=12520, stack(0x000000a737000000,0x000000a737100000)]
  0x00000262bc426aa0 JavaThread "C1 CompilerThread0" daemon [_thread_blocked, id=10748, stack(0x000000a737100000,0x000000a737200000)]
  0x00000262bc494a90 JavaThread "Sweeper thread" daemon [_thread_blocked, id=3032, stack(0x000000a737200000,0x000000a737300000)]
  0x00000262a0ff5450 JavaThread "Common-Cleaner" daemon [_thread_blocked, id=5560, stack(0x000000a737300000,0x000000a737400000)]
  0x00000262bc689340 JavaThread "Notification Thread" daemon [_thread_blocked, id=7976, stack(0x000000a737400000,0x000000a737500000)]

Other Threads:
=>0x00000262bc402ef0 VMThread "VM Thread" [stack: 0x000000a736900000,0x000000a736a00000] [id=6508]
  0x00000262a0f8f360 WatcherThread [stack: 0x000000a737500000,0x000000a737600000] [id=4756]
  0x00000262a0f7d450 GCTaskThread "GC Thread#0" [stack: 0x000000a736400000,0x000000a736500000] [id=2004]
  0x00000262bc96a560 GCTaskThread "GC Thread#1" [stack: 0x000000a737600000,0x000000a737700000] [id=9560]
  0x00000262bc806120 GCTaskThread "GC Thread#2" [stack: 0x000000a737700000,0x000000a737800000] [id=12860]
  0x00000262bc8063e0 GCTaskThread "GC Thread#3" [stack: 0x000000a737800000,0x000000a737900000] [id=11396]
  0x00000262a0f861e0 ConcurrentGCThread "G1 Main Marker" [stack: 0x000000a736500000,0x000000a736600000] [id=4780]
  0x00000262a0f87390 ConcurrentGCThread "G1 Conc#0" [stack: 0x000000a736600000,0x000000a736700000] [id=3956]
  0x00000262a0fa1df0 ConcurrentGCThread "G1 Refine#0" [stack: 0x000000a736700000,0x000000a736800000] [id=3196]
  0x00000262feb59bd0 ConcurrentGCThread "G1 Refine#1" [stack: 0x000000a737900000,0x000000a737a00000] [id=536]
  0x00000262fe702cd0 ConcurrentGCThread "G1 Refine#2" [stack: 0x000000a737a00000,0x000000a737b00000] [id=9196]
  0x00000262a0fa2820 ConcurrentGCThread "G1 Service" [stack: 0x000000a736800000,0x000000a736900000] [id=10876]

Threads with active compile tasks:
C2 CompilerThread0    14502 2990       4       com.sun.tools.javac.jvm.ClassReader::sigToType (893 bytes)
C1 CompilerThread0    14502 2994       2       com.sun.tools.javac.code.Types$5::visitClassType (387 bytes)

VM state: at safepoint (normal execution)

VM Mutex/Monitor currently owned by a thread:  ([mutex/lock_event])
[0x00000262a0f3b6b0] Threads_lock - owner thread: 0x00000262bc402ef0
[0x00000262a0f3adb0] Heap_lock - owner thread: 0x00000262a0f405e0

Heap address: 0x00000000c0e00000, size: 1010 MB, Compressed Oops mode: 32-bit

CDS archive(s) mapped at: [0x00000262bd000000-0x00000262bdbd0000-0x00000262bdbd0000), size 12386304, SharedBaseAddress: 0x00000262bd000000, ArchiveRelocationMode: 1.
Compressed class space mapped at: 0x00000262be000000-0x00000262fe000000, reserved size: 1073741824
Narrow klass base: 0x00000262bd000000, Narrow klass shift: 0, Narrow klass range: 0x100000000

GC Precious Log:
 CPUs: 4 total, 4 available
 Memory: 4035M
 Large Page Support: Disabled
 NUMA Support: Disabled
 Compressed Oops: Enabled (32-bit)
 Heap Region Size: 1M
 Heap Min Capacity: 8M
 Heap Initial Capacity: 8M
 Heap Max Capacity: 1010M
 Pre-touch: Disabled
 Parallel Workers: 4
 Concurrent Workers: 1
 Concurrent Refinement Workers: 4
 Periodic GC: Disabled

Heap:
 garbage-first heap   total 100352K, used 73429K [0x00000000c0e00000, 0x0000000100000000)
  region size 1024K, 2 young (2048K), 2 survivors (2048K)
 Metaspace       used 9486K, committed 9664K, reserved 1114112K
  class space    used 988K, committed 1088K, reserved 1048576K

Heap Regions: E=young(eden), S=young(survivor), O=old, HS=humongous(starts), HC=humongous(continues), CS=collection set, F=free, OA=open archive, CA=closed archive, TAMS=top-at-mark-start (previous, next)
|   0|0x00000000c0e00000, 0x00000000c0f00000, 0x00000000c0f00000|100%| O|  |TAMS 0x00000000c0f00000, 0x00000000c0e00000| Untracked 
|   1|0x00000000c0f00000, 0x00000000c1000000, 0x00000000c1000000|100%| O|  |TAMS 0x00000000c0f00000, 0x00000000c0f00000| Untracked 
|   2|0x00000000c1000000, 0x00000000c1100000, 0x00000000c1100000|100%| O|  |TAMS 0x00000000c1100000, 0x00000000c1000000| Untracked 
|   3|0x00000000c1100000, 0x00000000c1200000, 0x00000000c1200000|100%| O|  |TAMS 0x00000000c1200000, 0x00000000c1100000| Untracked 
|   4|0x00000000c1200000, 0x00000000c1300000, 0x00000000c1300000|100%| O|  |TAMS 0x00000000c1200000, 0x00000000c1200000| Untracked 
|   5|0x00000000c1300000, 0x00000000c1400000, 0x00000000c1400000|100%| O|  |TAMS 0x00000000c1400000, 0x00000000c1300000| Untracked 
|   6|0x00000000c1400000, 0x00000000c1500000, 0x00000000c1500000|100%| O|  |TAMS 0x00000000c1500000, 0x00000000c1400000| Untracked 
|   7|0x00000000c1500000, 0x00000000c1600000, 0x00000000c1600000|100%| O|  |TAMS 0x00000000c1600000, 0x00000000c1500000| Untracked 
|   8|0x00000000c1600000, 0x00000000c1700000, 0x00000000c1700000|100%|HS|  |TAMS 0x00000000c1700000, 0x00000000c1600000| Complete 
|   9|0x00000000c1700000, 0x00000000c1800000, 0x00000000c1800000|100%|HC|  |TAMS 0x00000000c1800000, 0x00000000c1700000| Complete 
|  10|0x00000000c1800000, 0x00000000c1900000, 0x00000000c1900000|100%|HC|  |TAMS 0x00000000c1900000, 0x00000000c1800000| Complete 
|  11|0x00000000c1900000, 0x00000000c1a00000, 0x00000000c1a00000|100%|HS|  |TAMS 0x00000000c1a00000, 0x00000000c1900000| Complete 
|  12|0x00000000c1a00000, 0x00000000c1b00000, 0x00000000c1b00000|100%|HC|  |TAMS 0x00000000c1b00000, 0x00000000c1a00000| Complete 
|  13|0x00000000c1b00000, 0x00000000c1c00000, 0x00000000c1c00000|100%|HC|  |TAMS 0x00000000c1c00000, 0x00000000c1b00000| Complete 
|  14|0x00000000c1c00000, 0x00000000c1d00000, 0x00000000c1d00000|100%|HC|  |TAMS 0x00000000c1d00000, 0x00000000c1c00000| Complete 
|  15|0x00000000c1d00000, 0x00000000c1e00000, 0x00000000c1e00000|100%|HC|  |TAMS 0x00000000c1e00000, 0x00000000c1d00000| Complete 
|  16|0x00000000c1e00000, 0x00000000c1f00000, 0x00000000c1f00000|100%| O|  |TAMS 0x00000000c1ebde00, 0x00000000c1e00000| Untracked 
|  17|0x00000000c1f00000, 0x00000000c2000000, 0x00000000c2000000|100%| O|  |TAMS 0x00000000c1f00000, 0x00000000c1f00000| Untracked 
|  18|0x00000000c2000000, 0x00000000c2100000, 0x00000000c2100000|100%| O|  |TAMS 0x00000000c2000000, 0x00000000c2000000| Untracked 
|  19|0x00000000c2100000, 0x00000000c2200000, 0x00000000c2200000|100%| O|  |TAMS 0x00000000c2100000, 0x00000000c2100000| Untracked 
|  20|0x00000000c2200000, 0x00000000c2300000, 0x00000000c2300000|100%| O|  |TAMS 0x00000000c2200000, 0x00000000c2200000| Untracked 
|  21|0x00000000c2300000, 0x00000000c2400000, 0x00000000c2400000|100%|HS|  |TAMS 0x00000000c2300000, 0x00000000c2300000| Complete 
|  22|0x00000000c2400000, 0x00000000c2500000, 0x00000000c2500000|100%| O|  |TAMS 0x00000000c2400000, 0x00000000c2400000| Untracked 
|  23|0x00000000c2500000, 0x00000000c2600000, 0x00000000c2600000|100%| O|  |TAMS 0x00000000c2500000, 0x00000000c2500000| Untracked 
|  24|0x00000000c2600000, 0x00000000c2700000, 0x00000000c2700000|100%| O|  |TAMS 0x00000000c2600000, 0x00000000c2600000| Untracked 
|  25|0x00000000c2700000, 0x00000000c2800000, 0x00000000c2800000|100%| O|  |TAMS 0x00000000c2700000, 0x00000000c2700000| Untracked 
|  26|0x00000000c2800000, 0x00000000c2900000, 0x00000000c2900000|100%|HS|  |TAMS 0x00000000c2800000, 0x00000000c2800000| Complete 
|  27|0x00000000c2900000, 0x00000000c2a00000, 0x00000000c2a00000|100%|HC|  |TAMS 0x00000000c2900000, 0x00000000c2900000| Complete 
|  28|0x00000000c2a00000, 0x00000000c2b00000, 0x00000000c2b00000|100%| O|  |TAMS 0x00000000c2a00000, 0x00000000c2a00000| Untracked 
|  29|0x00000000c2b00000, 0x00000000c2c00000, 0x00000000c2c00000|100%| O|  |TAMS 0x00000000c2b00000, 0x00000000c2b00000| Untracked 
|  30|0x00000000c2c00000, 0x00000000c2d00000, 0x00000000c2d00000|100%| O|  |TAMS 0x00000000c2c00000, 0x00000000c2c00000| Untracked 
|  31|0x00000000c2d00000, 0x00000000c2e00000, 0x00000000c2e00000|100%| O|  |TAMS 0x00000000c2d00000, 0x00000000c2d00000| Untracked 
|  32|0x00000000c2e00000, 0x00000000c2f00000, 0x00000000c2f00000|100%|HS|  |TAMS 0x00000000c2e00000, 0x00000000c2e00000| Complete 
|  33|0x00000000c2f00000, 0x00000000c3000000, 0x00000000c3000000|100%| O|  |TAMS 0x00000000c2f00000, 0x00000000c2f00000| Untracked 
|  34|0x00000000c3000000, 0x00000000c3100000, 0x00000000c3100000|100%| O|  |TAMS 0x00000000c3000000, 0x00000000c3000000| Untracked 
|  35|0x00000000c3100000, 0x00000000c3200000, 0x00000000c3200000|100%| O|  |TAMS 0x00000000c3100000, 0x00000000c3100000| Untracked 
|  36|0x00000000c3200000, 0x00000000c3300000, 0x00000000c3300000|100%| O|  |TAMS 0x00000000c3200000, 0x00000000c3200000| Untracked 
|  37|0x00000000c3300000, 0x00000000c3400000, 0x00000000c3400000|100%| O|  |TAMS 0x00000000c3300000, 0x00000000c3300000| Untracked 
|  38|0x00000000c3400000, 0x00000000c3500000, 0x00000000c3500000|100%| O|  |TAMS 0x00000000c3400000, 0x00000000c3400000| Untracked 
|  39|0x00000000c3500000, 0x00000000c3600000, 0x00000000c3600000|100%| O|  |TAMS 0x00000000c3500000, 0x00000000c3500000| Untracked 
|  40|0x00000000c3600000, 0x00000000c3700000, 0x00000000c3700000|100%| O|  |TAMS 0x00000000c3600000, 0x00000000c3600000| Untracked 
|  41|0x00000000c3700000, 0x00000000c3800000, 0x00000000c3800000|100%| O|  |TAMS 0x00000000c3700000, 0x00000000c3700000| Untracked 
|  42|0x00000000c3800000, 0x00000000c3900000, 0x00000000c3900000|100%| O|  |TAMS 0x00000000c3800000, 0x00000000c3800000| Untracked 
|  43|0x00000000c3900000, 0x00000000c3a00000, 0x00000000c3a00000|100%| O|  |TAMS 0x00000000c3900000, 0x00000000c3900000| Untracked 
|  44|0x00000000c3a00000, 0x00000000c3b00000, 0x00000000c3b00000|100%| O|  |TAMS 0x00000000c3a00000, 0x00000000c3a00000| Untracked 
|  45|0x00000000c3b00000, 0x00000000c3c00000, 0x00000000c3c00000|100%| O|  |TAMS 0x00000000c3b00000, 0x00000000c3b00000| Untracked 
|  46|0x00000000c3c00000, 0x00000000c3d00000, 0x00000000c3d00000|100%| O|  |TAMS 0x00000000c3c00000, 0x00000000c3c00000| Untracked 
|  47|0x00000000c3d00000, 0x00000000c3e00000, 0x00000000c3e00000|100%| O|  |TAMS 0x00000000c3d00000, 0x00000000c3d00000| Untracked 
|  48|0x00000000c3e00000, 0x00000000c3f00000, 0x00000000c3f00000|100%| O|  |TAMS 0x00000000c3e00000, 0x00000000c3e00000| Untracked 
|  49|0x00000000c3f00000, 0x00000000c4000000, 0x00000000c4000000|100%| O|  |TAMS 0x00000000c3f00000, 0x00000000c3f00000| Untracked 
|  50|0x00000000c4000000, 0x00000000c4100000, 0x00000000c4100000|100%| O|  |TAMS 0x00000000c4000000, 0x00000000c4000000| Untracked 
|  51|0x00000000c4100000, 0x00000000c4200000, 0x00000000c4200000|100%| O|  |TAMS 0x00000000c4100000, 0x00000000c4100000| Untracked 
|  52|0x00000000c4200000, 0x00000000c4300000, 0x00000000c4300000|100%| O|  |TAMS 0x00000000c4200000, 0x00000000c4200000| Untracked 
|  53|0x00000000c4300000, 0x00000000c4400000, 0x00000000c4400000|100%| O|  |TAMS 0x00000000c4300000, 0x00000000c4300000| Untracked 
|  54|0x00000000c4400000, 0x00000000c4500000, 0x00000000c4500000|100%| O|  |TAMS 0x00000000c4400000, 0x00000000c4400000| Untracked 
|  55|0x00000000c4500000, 0x00000000c4600000, 0x00000000c4600000|100%| O|  |TAMS 0x00000000c4500000, 0x00000000c4500000| Untracked 
|  56|0x00000000c4600000, 0x00000000c4700000, 0x00000000c4700000|100%| O|  |TAMS 0x00000000c4600000, 0x00000000c4600000| Untracked 
|  57|0x00000000c4700000, 0x00000000c4800000, 0x00000000c4800000|100%| O|  |TAMS 0x00000000c4700000, 0x00000000c4700000| Untracked 
|  58|0x00000000c4800000, 0x00000000c4900000, 0x00000000c4900000|100%|HS|  |TAMS 0x00000000c4800000, 0x00000000c4800000| Complete 
|  59|0x00000000c4900000, 0x00000000c4a00000, 0x00000000c4a00000|100%|HC|  |TAMS 0x00000000c4900000, 0x00000000c4900000| Complete 
|  60|0x00000000c4a00000, 0x00000000c4b00000, 0x00000000c4b00000|100%| O|  |TAMS 0x00000000c4a00000, 0x00000000c4a00000| Untracked 
|  61|0x00000000c4b00000, 0x00000000c4c00000, 0x00000000c4c00000|100%| O|  |TAMS 0x00000000c4b00000, 0x00000000c4b00000| Untracked 
|  62|0x00000000c4c00000, 0x00000000c4d00000, 0x00000000c4d00000|100%| O|  |TAMS 0x00000000c4c00000, 0x00000000c4c00000| Untracked 
|  63|0x00000000c4d00000, 0x00000000c4e00000, 0x00000000c4e00000|100%| O|  |TAMS 0x00000000c4d00000, 0x00000000c4d00000| Untracked 
|  64|0x00000000c4e00000, 0x00000000c4f00000, 0x00000000c4f00000|100%| O|  |TAMS 0x00000000c4e00000, 0x00000000c4e00000| Untracked 
|  65|0x00000000c4f00000, 0x00000000c5000000, 0x00000000c5000000|100%| O|  |TAMS 0x00000000c4f00000, 0x00000000c4f00000| Untracked 
|  66|0x00000000c5000000, 0x00000000c5100000, 0x00000000c5100000|100%| O|  |TAMS 0x00000000c5000000, 0x00000000c5000000| Untracked 
|  67|0x00000000c5100000, 0x00000000c5200000, 0x00000000c5200000|100%| O|  |TAMS 0x00000000c5100000, 0x00000000c5100000| Untracked 
|  68|0x00000000c5200000, 0x00000000c5300000, 0x00000000c5300000|100%| O|  |TAMS 0x00000000c5200000, 0x00000000c5200000| Untracked 
|  69|0x00000000c5300000, 0x00000000c5400000, 0x00000000c5400000|100%| O|  |TAMS 0x00000000c5300000, 0x00000000c5300000| Untracked 
|  70|0x00000000c5400000, 0x00000000c5400000, 0x00000000c5500000|  0%| F|  |TAMS 0x00000000c5400000, 0x00000000c5400000| Untracked 
|  71|0x00000000c5500000, 0x00000000c5500000, 0x00000000c5600000|  0%| F|  |TAMS 0x00000000c5500000, 0x00000000c5500000| Untracked 
|  72|0x00000000c5600000, 0x00000000c5600000, 0x00000000c5700000|  0%| F|  |TAMS 0x00000000c5600000, 0x00000000c5600000| Untracked 
|  73|0x00000000c5700000, 0x00000000c5700000, 0x00000000c5800000|  0%| F|  |TAMS 0x00000000c5700000, 0x00000000c5700000| Untracked 
|  74|0x00000000c5800000, 0x00000000c5800000, 0x00000000c5900000|  0%| F|  |TAMS 0x00000000c5800000, 0x00000000c5800000| Untracked 
|  75|0x00000000c5900000, 0x00000000c5900000, 0x00000000c5a00000|  0%| F|  |TAMS 0x00000000c5900000, 0x00000000c5900000| Untracked 
|  76|0x00000000c5a00000, 0x00000000c5a00000, 0x00000000c5b00000|  0%| F|  |TAMS 0x00000000c5a00000, 0x00000000c5a00000| Untracked 
|  77|0x00000000c5b00000, 0x00000000c5b00000, 0x00000000c5c00000|  0%| F|  |TAMS 0x00000000c5b00000, 0x00000000c5b00000| Untracked 
|  78|0x00000000c5c00000, 0x00000000c5c00000, 0x00000000c5d00000|  0%| F|  |TAMS 0x00000000c5c00000, 0x00000000c5c00000| Untracked 
|  79|0x00000000c5d00000, 0x00000000c5d00000, 0x00000000c5e00000|  0%| F|  |TAMS 0x00000000c5d00000, 0x00000000c5d00000| Untracked 
|  80|0x00000000c5e00000, 0x00000000c5e00000, 0x00000000c5f00000|  0%| F|  |TAMS 0x00000000c5e00000, 0x00000000c5e00000| Untracked 
|  81|0x00000000c5f00000, 0x00000000c5f00000, 0x00000000c6000000|  0%| F|  |TAMS 0x00000000c5f00000, 0x00000000c5f00000| Untracked 
|  82|0x00000000c6000000, 0x00000000c6000000, 0x00000000c6100000|  0%| F|  |TAMS 0x00000000c6000000, 0x00000000c6000000| Untracked 
|  83|0x00000000c6100000, 0x00000000c6100000, 0x00000000c6200000|  0%| F|  |TAMS 0x00000000c6100000, 0x00000000c6100000| Untracked 
|  84|0x00000000c6200000, 0x00000000c6200000, 0x00000000c6300000|  0%| F|  |TAMS 0x00000000c6200000, 0x00000000c6200000| Untracked 
|  85|0x00000000c6300000, 0x00000000c6300000, 0x00000000c6400000|  0%| F|  |TAMS 0x00000000c6300000, 0x00000000c6300000| Untracked 
|  86|0x00000000c6400000, 0x00000000c6400000, 0x00000000c6500000|  0%| F|  |TAMS 0x00000000c6400000, 0x00000000c6400000| Untracked 
|  87|0x00000000c6500000, 0x00000000c65b57c0, 0x00000000c6600000| 70%| S|CS|TAMS 0x00000000c6500000, 0x00000000c6500000| Complete 
|  88|0x00000000c6600000, 0x00000000c6700000, 0x00000000c6700000|100%| S|CS|TAMS 0x00000000c6600000, 0x00000000c6600000| Complete 
|  89|0x00000000c6700000, 0x00000000c6700000, 0x00000000c6800000|  0%| F|  |TAMS 0x00000000c6700000, 0x00000000c6700000| Untracked 
|  90|0x00000000c6800000, 0x00000000c6800000, 0x00000000c6900000|  0%| F|  |TAMS 0x00000000c6800000, 0x00000000c6800000| Untracked 
|  91|0x00000000c6900000, 0x00000000c6900000, 0x00000000c6a00000|  0%| F|  |TAMS 0x00000000c6900000, 0x00000000c6900000| Untracked 
|  92|0x00000000c6a00000, 0x00000000c6a00000, 0x00000000c6b00000|  0%| F|  |TAMS 0x00000000c6a00000, 0x00000000c6a00000| Untracked 
|  93|0x00000000c6b00000, 0x00000000c6b00000, 0x00000000c6c00000|  0%| F|  |TAMS 0x00000000c6b00000, 0x00000000c6b00000| Untracked 
|  94|0x00000000c6c00000, 0x00000000c6c00000, 0x00000000c6d00000|  0%| F|  |TAMS 0x00000000c6c00000, 0x00000000c6c00000| Untracked 
|  95|0x00000000c6d00000, 0x00000000c6d00000, 0x00000000c6e00000|  0%| F|  |TAMS 0x00000000c6d00000, 0x00000000c6d00000| Untracked 
|  96|0x00000000c6e00000, 0x00000000c6e00000, 0x00000000c6f00000|  0%| F|  |TAMS 0x00000000c6e00000, 0x00000000c6e00000| Untracked 
|  97|0x00000000c6f00000, 0x00000000c6f00000, 0x00000000c7000000|  0%| F|  |TAMS 0x00000000c6f00000, 0x00000000c6f00000| Untracked 

Card table byte_map: [0x00000262b7c40000,0x00000262b7e40000] _byte_map_base: 0x00000262b7639000

Marking Bits (Prev, Next): (CMBitMap*) 0x00000262a0f7dab0, (CMBitMap*) 0x00000262a0f7da70
 Prev Bits: [0x00000262b9010000, 0x00000262b9fd8000)
 Next Bits: [0x00000262b8040000, 0x00000262b9008000)

Polling page: 0x000002629ee80000

Metaspace:

Usage:
  Non-class:      8.30 MB used.
      Class:    988.34 KB used.
       Both:      9.26 MB used.

Virtual space:
  Non-class space:       64.00 MB reserved,       8.38 MB ( 13%) committed,  1 nodes.
      Class space:        1.00 GB reserved,       1.06 MB ( <1%) committed,  1 nodes.
             Both:        1.06 GB reserved,       9.44 MB ( <1%) committed. 

Chunk freelists:
   Non-Class:  5.47 MB
       Class:  14.91 MB
        Both:  20.38 MB

MaxMetaspaceSize: unlimited
CompressedClassSpaceSize: 1.00 GB
Initial GC threshold: 21.00 MB
Current GC threshold: 21.00 MB
CDS: on
MetaspaceReclaimPolicy: balanced
 - commit_granule_bytes: 65536.
 - commit_granule_words: 8192.
 - virtual_space_node_default_size: 8388608.
 - enlarge_chunks_in_place: 1.
 - new_chunks_are_fully_committed: 0.
 - uncommit_free_chunks: 1.
 - use_allocation_guard: 0.
 - handle_deallocations: 1.


Internal statistics:

num_allocs_failed_limit: 0.
num_arena_births: 64.
num_arena_deaths: 0.
num_vsnodes_births: 2.
num_vsnodes_deaths: 0.
num_space_committed: 151.
num_space_uncommitted: 0.
num_chunks_returned_to_freelist: 0.
num_chunks_taken_from_freelist: 375.
num_chunk_merges: 0.
num_chunk_splits: 266.
num_chunks_enlarged: 219.
num_inconsistent_stats: 0.

CodeHeap 'non-profiled nmethods': size=120000Kb used=1559Kb max_used=1559Kb free=118440Kb
 bounds [0x00000262b0510000, 0x00000262b0780000, 0x00000262b7a40000]
CodeHeap 'profiled nmethods': size=120000Kb used=6507Kb max_used=6507Kb free=113492Kb
 bounds [0x00000262a8a40000, 0x00000262a90a0000, 0x00000262aff70000]
CodeHeap 'non-nmethods': size=5760Kb used=1142Kb max_used=1179Kb free=4617Kb
 bounds [0x00000262aff70000, 0x00000262b01e0000, 0x00000262b0510000]
 total_blobs=3399 nmethods=2969 adapters=342
 compilation: enabled
              stopped_count=0, restarted_count=0
 full_count=0

Compilation events (20 events):
Event: 14.223 Thread 0x00000262bc426aa0 nmethod 2983 0x00000262a9096290 code [0x00000262a9096460, 0x00000262a9096768]
Event: 14.224 Thread 0x00000262bc426aa0 2985       2       com.sun.tools.javac.code.Symbol$ClassSymbol::isAnnotationType (19 bytes)
Event: 14.224 Thread 0x00000262bc426aa0 nmethod 2985 0x00000262a9096990 code [0x00000262a9096b20, 0x00000262a9096c58]
Event: 14.225 Thread 0x00000262bc426aa0 2986       2       com.sun.tools.javac.code.Scope$ScopeImpl$2::next (5 bytes)
Event: 14.225 Thread 0x00000262bc426aa0 nmethod 2986 0x00000262a9096d10 code [0x00000262a9096ee0, 0x00000262a9097168]
Event: 14.225 Thread 0x00000262bc426aa0 2987       2       com.sun.tools.javac.code.Scope$ScopeImpl$2::next (20 bytes)
Event: 14.226 Thread 0x00000262bc426aa0 nmethod 2987 0x00000262a9097310 code [0x00000262a90974e0, 0x00000262a9097768]
Event: 14.226 Thread 0x00000262bc426aa0 2988       2       com.sun.tools.javac.code.Type$StructuralTypeMapping::visitMethodType (7 bytes)
Event: 14.226 Thread 0x00000262bc426aa0 nmethod 2988 0x00000262a9097910 code [0x00000262a9097aa0, 0x00000262a9097bc8]
Event: 14.226 Thread 0x00000262bc426aa0 2989       2       com.sun.tools.javac.code.Type$StructuralTypeMapping::visitMethodType (87 bytes)
Event: 14.227 Thread 0x00000262bc426aa0 nmethod 2989 0x00000262a9097c90 code [0x00000262a9097ea0, 0x00000262a9098418]
Event: 14.246 Thread 0x00000262bc4260a0 nmethod 2684 0x00000262b0694c90 code [0x00000262b0694e80, 0x00000262b06955e8]
Event: 14.246 Thread 0x00000262bc4260a0 2990       4       com.sun.tools.javac.jvm.ClassReader::sigToType (893 bytes)
Event: 14.323 Thread 0x00000262bc426aa0 2991       3       com.sun.tools.javac.code.ClassFinder::completeEnclosing (104 bytes)
Event: 14.325 Thread 0x00000262bc426aa0 nmethod 2991 0x00000262a9098810 code [0x00000262a9098ac0, 0x00000262a90999e8]
Event: 14.325 Thread 0x00000262bc426aa0 2993       3       com.sun.tools.javac.util.Iterators$CompoundIterator::update (56 bytes)
Event: 14.326 Thread 0x00000262bc426aa0 nmethod 2993 0x00000262a9099e90 code [0x00000262a909a080, 0x00000262a909a798]
Event: 14.326 Thread 0x00000262bc426aa0 2992       3       com.sun.tools.javac.util.Iterators$CompoundIterator::hasNext (36 bytes)
Event: 14.326 Thread 0x00000262bc426aa0 nmethod 2992 0x00000262a909a990 code [0x00000262a909ab40, 0x00000262a909ae18]
Event: 14.359 Thread 0x00000262bc426aa0 2994       2       com.sun.tools.javac.code.Types$5::visitClassType (387 bytes)

GC Heap History (20 events):
Event: 11.238 GC heap after
{Heap after GC invocations=35 (full 0):
 garbage-first heap   total 46080K, used 34204K [0x00000000c0e00000, 0x0000000100000000)
  region size 1024K, 2 young (2048K), 2 survivors (2048K)
 Metaspace       used 8482K, committed 8640K, reserved 1114112K
  class space    used 927K, committed 1024K, reserved 1048576K
}
Event: 11.458 GC heap before
{Heap before GC invocations=35 (full 0):
 garbage-first heap   total 46080K, used 36252K [0x00000000c0e00000, 0x0000000100000000)
  region size 1024K, 5 young (5120K), 2 survivors (2048K)
 Metaspace       used 8538K, committed 8704K, reserved 1114112K
  class space    used 932K, committed 1024K, reserved 1048576K
}
Event: 11.464 GC heap after
{Heap after GC invocations=36 (full 0):
 garbage-first heap   total 60416K, used 34890K [0x00000000c0e00000, 0x0000000100000000)
  region size 1024K, 1 young (1024K), 1 survivors (1024K)
 Metaspace       used 8538K, committed 8704K, reserved 1114112K
  class space    used 932K, committed 1024K, reserved 1048576K
}
Event: 12.292 GC heap before
{Heap before GC invocations=36 (full 0):
 garbage-first heap   total 60416K, used 46154K [0x00000000c0e00000, 0x0000000100000000)
  region size 1024K, 12 young (12288K), 1 survivors (1024K)
 Metaspace       used 8602K, committed 8832K, reserved 1114112K
  class space    used 934K, committed 1024K, reserved 1048576K
}
Event: 12.299 GC heap after
{Heap after GC invocations=37 (full 0):
 garbage-first heap   total 60416K, used 37881K [0x00000000c0e00000, 0x0000000100000000)
  region size 1024K, 2 young (2048K), 2 survivors (2048K)
 Metaspace       used 8602K, committed 8832K, reserved 1114112K
  class space    used 934K, committed 1024K, reserved 1048576K
}
Event: 12.689 GC heap before
{Heap before GC invocations=37 (full 0):
 garbage-first heap   total 60416K, used 48121K [0x00000000c0e00000, 0x0000000100000000)
  region size 1024K, 11 young (11264K), 2 survivors (2048K)
 Metaspace       used 9120K, committed 9280K, reserved 1114112K
  class space    used 983K, committed 1088K, reserved 1048576K
}
Event: 12.707 GC heap after
{Heap after GC invocations=38 (full 0):
 garbage-first heap   total 60416K, used 42103K [0x00000000c0e00000, 0x0000000100000000)
  region size 1024K, 2 young (2048K), 2 survivors (2048K)
 Metaspace       used 9120K, committed 9280K, reserved 1114112K
  class space    used 983K, committed 1088K, reserved 1048576K
}
Event: 12.922 GC heap before
{Heap before GC invocations=38 (full 0):
 garbage-first heap   total 60416K, used 47223K [0x00000000c0e00000, 0x0000000100000000)
  region size 1024K, 7 young (7168K), 2 survivors (2048K)
 Metaspace       used 9203K, committed 9408K, reserved 1114112K
  class space    used 985K, committed 1088K, reserved 1048576K
}
Event: 12.940 GC heap after
{Heap after GC invocations=39 (full 0):
 garbage-first heap   total 60416K, used 44635K [0x00000000c0e00000, 0x0000000100000000)
  region size 1024K, 1 young (1024K), 1 survivors (1024K)
 Metaspace       used 9203K, committed 9408K, reserved 1114112K
  class space    used 985K, committed 1088K, reserved 1048576K
}
Event: 13.045 GC heap before
{Heap before GC invocations=39 (full 0):
 garbage-first heap   total 60416K, used 47707K [0x00000000c0e00000, 0x0000000100000000)
  region size 1024K, 4 young (4096K), 1 survivors (1024K)
 Metaspace       used 9234K, committed 9408K, reserved 1114112K
  class space    used 985K, committed 1088K, reserved 1048576K
}
Event: 13.055 GC heap after
{Heap after GC invocations=40 (full 0):
 garbage-first heap   total 60416K, used 46702K [0x00000000c0e00000, 0x0000000100000000)
  region size 1024K, 1 young (1024K), 1 survivors (1024K)
 Metaspace       used 9234K, committed 9408K, reserved 1114112K
  class space    used 985K, committed 1088K, reserved 1048576K
}
Event: 13.087 GC heap before
{Heap before GC invocations=40 (full 0):
 garbage-first heap   total 60416K, used 48750K [0x00000000c0e00000, 0x0000000100000000)
  region size 1024K, 3 young (3072K), 1 survivors (1024K)
 Metaspace       used 9251K, committed 9408K, reserved 1114112K
  class space    used 985K, committed 1088K, reserved 1048576K
}
Event: 13.098 GC heap after
{Heap after GC invocations=41 (full 0):
 garbage-first heap   total 100352K, used 48346K [0x00000000c0e00000, 0x0000000100000000)
  region size 1024K, 1 young (1024K), 1 survivors (1024K)
 Metaspace       used 9251K, committed 9408K, reserved 1114112K
  class space    used 985K, committed 1088K, reserved 1048576K
}
Event: 13.319 GC heap before
{Heap before GC invocations=41 (full 0):
 garbage-first heap   total 100352K, used 64730K [0x00000000c0e00000, 0x0000000100000000)
  region size 1024K, 17 young (17408K), 1 survivors (1024K)
 Metaspace       used 9272K, committed 9472K, reserved 1114112K
  class space    used 985K, committed 1088K, reserved 1048576K
}
Event: 13.362 GC heap after
{Heap after GC invocations=42 (full 0):
 garbage-first heap   total 100352K, used 61254K [0x00000000c0e00000, 0x0000000100000000)
  region size 1024K, 3 young (3072K), 3 survivors (3072K)
 Metaspace       used 9272K, committed 9472K, reserved 1114112K
  class space    used 985K, committed 1088K, reserved 1048576K
}
Event: 13.547 GC heap before
{Heap before GC invocations=42 (full 0):
 garbage-first heap   total 100352K, used 73542K [0x00000000c0e00000, 0x0000000100000000)
  region size 1024K, 13 young (13312K), 3 survivors (3072K)
 Metaspace       used 9323K, committed 9472K, reserved 1114112K
  class space    used 985K, committed 1088K, reserved 1048576K
}
Event: 13.583 GC heap after
{Heap after GC invocations=43 (full 0):
 garbage-first heap   total 100352K, used 69120K [0x00000000c0e00000, 0x0000000100000000)
  region size 1024K, 2 young (2048K), 2 survivors (2048K)
 Metaspace       used 9323K, committed 9472K, reserved 1114112K
  class space    used 985K, committed 1088K, reserved 1048576K
}
Event: 13.948 GC heap before
{Heap before GC invocations=43 (full 0):
 garbage-first heap   total 100352K, used 76288K [0x00000000c0e00000, 0x0000000100000000)
  region size 1024K, 9 young (9216K), 2 survivors (2048K)
 Metaspace       used 9438K, committed 9600K, reserved 1114112K
  class space    used 988K, committed 1088K, reserved 1048576K
}
Event: 13.966 GC heap after
{Heap after GC invocations=44 (full 0):
 garbage-first heap   total 100352K, used 71525K [0x00000000c0e00000, 0x0000000100000000)
  region size 1024K, 2 young (2048K), 2 survivors (2048K)
 Metaspace       used 9438K, committed 9600K, reserved 1114112K
  class space    used 988K, committed 1088K, reserved 1048576K
}
Event: 14.360 GC heap before
{Heap before GC invocations=44 (full 0):
 garbage-first heap   total 100352K, used 77669K [0x00000000c0e00000, 0x0000000100000000)
  region size 1024K, 9 young (9216K), 2 survivors (2048K)
 Metaspace       used 9486K, committed 9664K, reserved 1114112K
  class space    used 988K, committed 1088K, reserved 1048576K
}

Dll operation events (6 events):
Event: 0.024 Loaded shared library C:\Program Files (x86)\Android\openjdk\jdk-17.0.8.101-hotspot\bin\java.dll
Event: 0.133 Loaded shared library C:\Program Files (x86)\Android\openjdk\jdk-17.0.8.101-hotspot\bin\jsvml.dll
Event: 0.483 Loaded shared library C:\Program Files (x86)\Android\openjdk\jdk-17.0.8.101-hotspot\bin\jimage.dll
Event: 0.769 Loaded shared library C:\Program Files (x86)\Android\openjdk\jdk-17.0.8.101-hotspot\bin\net.dll
Event: 0.774 Loaded shared library C:\Program Files (x86)\Android\openjdk\jdk-17.0.8.101-hotspot\bin\nio.dll
Event: 1.193 Loaded shared library C:\Program Files (x86)\Android\openjdk\jdk-17.0.8.101-hotspot\bin\zip.dll

Deoptimization events (20 events):
Event: 13.443 Thread 0x00000262a0f405e0 DEOPT PACKING pc=0x00000262b0676d88 sp=0x000000a7363fe970
Event: 13.443 Thread 0x00000262a0f405e0 DEOPT UNPACKING pc=0x00000262affc69a3 sp=0x000000a7363fe940 mode 2
Event: 13.472 Thread 0x00000262a0f405e0 DEOPT PACKING pc=0x00000262a8ec63ce sp=0x000000a7363fe100
Event: 13.472 Thread 0x00000262a0f405e0 DEOPT UNPACKING pc=0x00000262affc7143 sp=0x000000a7363fd548 mode 0
Event: 13.665 Thread 0x00000262a0f405e0 Uncommon trap: trap_request=0xffffff45 fr.pc=0x00000262b05b78a0 relative=0x00000000000006e0
Event: 13.665 Thread 0x00000262a0f405e0 Uncommon trap: reason=unstable_if action=reinterpret pc=0x00000262b05b78a0 method=com.sun.tools.javac.util.Convert.utf2chars([BI[CII)I @ 91 c2
Event: 13.665 Thread 0x00000262a0f405e0 DEOPT PACKING pc=0x00000262b05b78a0 sp=0x000000a7363fdc30
Event: 13.665 Thread 0x00000262a0f405e0 DEOPT UNPACKING pc=0x00000262affc69a3 sp=0x000000a7363fdb50 mode 2
Event: 13.665 Thread 0x00000262a0f405e0 Uncommon trap: trap_request=0xffffff45 fr.pc=0x00000262b05b6d04 relative=0x00000000000003e4
Event: 13.665 Thread 0x00000262a0f405e0 Uncommon trap: reason=unstable_if action=reinterpret pc=0x00000262b05b6d04 method=java.lang.String.<init>([CIILjava/lang/Void;)V @ 5 c2
Event: 13.665 Thread 0x00000262a0f405e0 DEOPT PACKING pc=0x00000262b05b6d04 sp=0x000000a7363fdb80
Event: 13.665 Thread 0x00000262a0f405e0 DEOPT UNPACKING pc=0x00000262affc69a3 sp=0x000000a7363fdae8 mode 2
Event: 13.676 Thread 0x00000262a0f405e0 Uncommon trap: trap_request=0xffffff45 fr.pc=0x00000262b0578fa8 relative=0x00000000000002a8
Event: 13.676 Thread 0x00000262a0f405e0 Uncommon trap: reason=unstable_if action=reinterpret pc=0x00000262b0578fa8 method=com.sun.tools.javac.util.Convert.utf2chars([BI[CII)I @ 91 c2
Event: 13.676 Thread 0x00000262a0f405e0 DEOPT PACKING pc=0x00000262b0578fa8 sp=0x000000a7363fdbc0
Event: 13.678 Thread 0x00000262a0f405e0 DEOPT UNPACKING pc=0x00000262affc69a3 sp=0x000000a7363fdb48 mode 2
Event: 13.679 Thread 0x00000262a0f405e0 Uncommon trap: trap_request=0xffffff45 fr.pc=0x00000262b05b6114 relative=0x00000000000002f4
Event: 13.679 Thread 0x00000262a0f405e0 Uncommon trap: reason=unstable_if action=reinterpret pc=0x00000262b05b6114 method=java.lang.String.<init>([CIILjava/lang/Void;)V @ 5 c2
Event: 13.679 Thread 0x00000262a0f405e0 DEOPT PACKING pc=0x00000262b05b6114 sp=0x000000a7363fdb00
Event: 13.679 Thread 0x00000262a0f405e0 DEOPT UNPACKING pc=0x00000262affc69a3 sp=0x000000a7363fdae8 mode 2

Classes unloaded (0 events):
No events

Classes redefined (0 events):
No events

Internal exceptions (20 events):
Event: 1.143 Thread 0x00000262a0f405e0 Exception <a 'java/lang/NoSuchMethodError'{0x00000000c1580118}: 'int java.lang.invoke.DirectMethodHandle$Holder.invokeInterface(java.lang.Object, java.lang.Object)'> (0x00000000c1580118) 
thrown [s\src\hotspot\share\interpreter\linkResolver.cpp, line 759]
Event: 1.654 Thread 0x00000262a0f405e0 Exception <a 'sun/nio/fs/WindowsException'{0x00000000c15373b0}> (0x00000000c15373b0) 
thrown [s\src\hotspot\share\prims\jni.cpp, line 516]
Event: 1.656 Thread 0x00000262a0f405e0 Exception <a 'sun/nio/fs/WindowsException'{0x00000000c15380e8}> (0x00000000c15380e8) 
thrown [s\src\hotspot\share\prims\jni.cpp, line 516]
Event: 1.656 Thread 0x00000262a0f405e0 Exception <a 'sun/nio/fs/WindowsException'{0x00000000c1538418}> (0x00000000c1538418) 
thrown [s\src\hotspot\share\prims\jni.cpp, line 516]
Event: 1.660 Thread 0x00000262a0f405e0 Exception <a 'sun/nio/fs/WindowsException'{0x00000000c1551cb8}> (0x00000000c1551cb8) 
thrown [s\src\hotspot\share\prims\jni.cpp, line 516]
Event: 1.660 Thread 0x00000262a0f405e0 Exception <a 'sun/nio/fs/WindowsException'{0x00000000c1551fb0}> (0x00000000c1551fb0) 
thrown [s\src\hotspot\share\prims\jni.cpp, line 516]
Event: 1.664 Thread 0x00000262a0f405e0 Exception <a 'java/lang/NoSuchMethodError'{0x00000000c1559658}: 'int java.lang.invoke.DirectMethodHandle$Holder.invokeVirtual(java.lang.Object, java.lang.Object, java.lang.Object)'> (0x00000000c1559658) 
thrown [s\src\hotspot\share\interpreter\linkResolver.cpp, line 759]
Event: 1.666 Thread 0x00000262a0f405e0 Exception <a 'java/lang/NoSuchMethodError'{0x00000000c15616c0}: 'void java.lang.invoke.DirectMethodHandle$Holder.invokeInterface(java.lang.Object, java.lang.Object, java.lang.Object)'> (0x00000000c15616c0) 
thrown [s\src\hotspot\share\interpreter\linkResolver.cpp, line 759]
Event: 1.965 Thread 0x00000262a0f405e0 Exception <a 'java/lang/NoSuchMethodError'{0x00000000c1472c20}: 'int java.lang.invoke.DirectMethodHandle$Holder.invokeStaticInit(java.lang.Object, java.lang.Object)'> (0x00000000c1472c20) 
thrown [s\src\hotspot\share\interpreter\linkResolver.cpp, line 759]
Event: 2.206 Thread 0x00000262a0f405e0 Exception <a 'java/lang/NoSuchMethodError'{0x00000000c15305c0}: 'int java.lang.invoke.DirectMethodHandle$Holder.invokeVirtual(java.lang.Object, java.lang.Object)'> (0x00000000c15305c0) 
thrown [s\src\hotspot\share\interpreter\linkResolver.cpp, line 759]
Event: 2.222 Thread 0x00000262a0f405e0 Exception <a 'java/lang/NoSuchMethodError'{0x00000000c15587e8}: 'java.lang.Object java.lang.invoke.DirectMethodHandle$Holder.newInvokeSpecial(java.lang.Object, java.lang.Object, java.lang.Object, java.lang.Object, java.lang.Object)'> (0x00000000c15587e8) 
thrown [s\src\hotspot\share\interpreter\linkResolver.cpp, line 759]
Event: 2.229 Thread 0x00000262a0f405e0 Exception <a 'java/lang/NoSuchMethodError'{0x00000000c1567278}: 'java.lang.Object java.lang.invoke.DirectMethodHandle$Holder.newInvokeSpecial(java.lang.Object, java.lang.Object, java.lang.Object, java.lang.Object, java.lang.Object, java.lang.Object)'> (0x00000000c1567278) 
thrown [s\src\hotspot\share\interpreter\linkResolver.cpp, line 759]
Event: 10.853 Thread 0x00000262a0f405e0 Exception <a 'java/lang/NoSuchMethodError'{0x00000000c3954c68}: 'java.lang.Object java.lang.invoke.DirectMethodHandle$Holder.invokeStaticInit(java.lang.Object)'> (0x00000000c3954c68) 
thrown [s\src\hotspot\share\interpreter\linkResolver.cpp, line 759]
Event: 11.445 Thread 0x00000262a0f405e0 Exception <a 'java/lang/NoSuchMethodError'{0x00000000c38ce680}: 'void java.lang.invoke.DirectMethodHandle$Holder.invokeStatic(java.lang.Object, java.lang.Object)'> (0x00000000c38ce680) 
thrown [s\src\hotspot\share\interpreter\linkResolver.cpp, line 759]
Event: 11.451 Thread 0x00000262a0f405e0 Implicit null exception at 0x00000262b061d60c to 0x00000262b061d73e
Event: 12.564 Thread 0x00000262a0f405e0 Exception <a 'java/lang/NoSuchMethodError'{0x00000000c425e2a0}: 'java.lang.Object java.lang.invoke.DirectMethodHandle$Holder.invokeStatic(java.lang.Object, java.lang.Object, int, int)'> (0x00000000c425e2a0) 
thrown [s\src\hotspot\share\interpreter\linkResolver.cpp, line 759]
Event: 12.569 Thread 0x00000262a0f405e0 Exception <a 'java/lang/NoSuchMethodError'{0x00000000c4267ff0}: 'java.lang.Object java.lang.invoke.DirectMethodHandle$Holder.invokeVirtual(java.lang.Object, java.lang.Object, java.lang.Object, int, int)'> (0x00000000c4267ff0) 
thrown [s\src\hotspot\share\interpreter\linkResolver.cpp, line 759]
Event: 12.653 Thread 0x00000262a0f405e0 Exception <a 'java/lang/NoSuchMethodError'{0x00000000c405d100}: 'java.lang.Object java.lang.invoke.DirectMethodHandle$Holder.invokeInterface(java.lang.Object, java.lang.Object)'> (0x00000000c405d100) 
thrown [s\src\hotspot\share\interpreter\linkResolver.cpp, line 759]
Event: 12.654 Thread 0x00000262a0f405e0 Exception <a 'java/lang/NoSuchMethodError'{0x00000000c4063530}: 'int java.lang.invoke.DirectMethodHandle$Holder.invokeSpecial(java.lang.Object, java.lang.Object, java.lang.Object)'> (0x00000000c4063530) 
thrown [s\src\hotspot\share\interpreter\linkResolver.cpp, line 759]
Event: 12.672 Thread 0x00000262a0f405e0 Exception <a 'java/lang/NoSuchMethodError'{0x00000000c40d8a88}: 'java.lang.Object java.lang.invoke.DirectMethodHandle$Holder.invokeVirtual(java.lang.Object, java.lang.Object, int)'> (0x00000000c40d8a88) 
thrown [s\src\hotspot\share\interpreter\linkResolver.cpp, line 759]

VM Operations (20 events):
Event: 12.302 Executing VM operation: HandshakeAllThreads done
Event: 12.567 Executing VM operation: HandshakeAllThreads
Event: 12.568 Executing VM operation: HandshakeAllThreads done
Event: 12.571 Executing VM operation: HandshakeAllThreads
Event: 12.572 Executing VM operation: HandshakeAllThreads done
Event: 12.689 Executing VM operation: G1CollectForAllocation
Event: 12.707 Executing VM operation: G1CollectForAllocation done
Event: 12.922 Executing VM operation: G1CollectForAllocation
Event: 12.940 Executing VM operation: G1CollectForAllocation done
Event: 13.045 Executing VM operation: G1CollectForAllocation
Event: 13.055 Executing VM operation: G1CollectForAllocation done
Event: 13.087 Executing VM operation: G1CollectForAllocation
Event: 13.098 Executing VM operation: G1CollectForAllocation done
Event: 13.319 Executing VM operation: G1CollectForAllocation
Event: 13.362 Executing VM operation: G1CollectForAllocation done
Event: 13.547 Executing VM operation: G1CollectForAllocation
Event: 13.583 Executing VM operation: G1CollectForAllocation done
Event: 13.948 Executing VM operation: G1CollectForAllocation
Event: 13.966 Executing VM operation: G1CollectForAllocation done
Event: 14.360 Executing VM operation: G1CollectForAllocation

Events (20 events):
Event: 11.113 loading class java/nio/file/FileTreeWalker$EventType
Event: 11.113 loading class java/nio/file/FileTreeWalker$EventType done
Event: 11.113 loading class java/nio/file/Files$3
Event: 11.113 loading class java/nio/file/Files$3 done
Event: 11.114 loading class java/nio/file/FileVisitResult
Event: 11.114 loading class java/nio/file/FileVisitResult done
Event: 11.114 loading class sun/nio/fs/BasicFileAttributesHolder
Event: 11.115 loading class sun/nio/fs/BasicFileAttributesHolder done
Event: 11.446 loading class java/util/ComparableTimSort
Event: 11.448 loading class java/util/ComparableTimSort done
Event: 11.457 loading class java/io/EOFException
Event: 11.457 loading class java/io/EOFException done
Event: 11.482 loading class sun/nio/fs/WindowsFileStore
Event: 11.483 loading class sun/nio/fs/WindowsFileStore done
Event: 11.921 loading class java/util/concurrent/locks/AbstractQueuedSynchronizer$Node
Event: 11.922 loading class java/util/concurrent/locks/AbstractQueuedSynchronizer$Node done
Event: 12.301 loading class java/nio/file/FileTreeWalker$1
Event: 12.301 loading class java/nio/file/FileTreeWalker$1 done
Event: 12.562 loading class java/util/BitSet
Event: 12.563 loading class java/util/BitSet done


Dynamic libraries:
0x00007ff6cf4a0000 - 0x00007ff6cf4a8000 	C:\Program Files (x86)\Android\openjdk\jdk-17.0.8.101-hotspot\bin\javac.exe
0x00007ffc59450000 - 0x00007ffc59648000 	C:\Windows\SYSTEM32\ntdll.dll
0x00007ffc59000000 - 0x00007ffc590c2000 	C:\Windows\System32\KERNEL32.DLL
0x00007ffc57110000 - 0x00007ffc5740e000 	C:\Windows\System32\KERNELBASE.dll
0x00007ffc57010000 - 0x00007ffc57110000 	C:\Windows\System32\ucrtbase.dll
0x00007ffc53180000 - 0x00007ffc53197000 	C:\Program Files (x86)\Android\openjdk\jdk-17.0.8.101-hotspot\bin\jli.dll
0x00007ffc510a0000 - 0x00007ffc510bb000 	C:\Program Files (x86)\Android\openjdk\jdk-17.0.8.101-hotspot\bin\VCRUNTIME140.dll
0x00007ffc590d0000 - 0x00007ffc5926d000 	C:\Windows\System32\USER32.dll
0x00007ffc56d70000 - 0x00007ffc56d92000 	C:\Windows\System32\win32u.dll
0x00007ffc58cd0000 - 0x00007ffc58cfb000 	C:\Windows\System32\GDI32.dll
0x00007ffc56da0000 - 0x00007ffc56eb7000 	C:\Windows\System32\gdi32full.dll
0x00007ffc56f70000 - 0x00007ffc5700d000 	C:\Windows\System32\msvcp_win.dll
0x00007ffc472a0000 - 0x00007ffc4753a000 	C:\Windows\WinSxS\amd64_microsoft.windows.common-controls_6595b64144ccf1df_6.0.19041.4355_none_60b8b9eb71f62e16\COMCTL32.dll
0x00007ffc58f60000 - 0x00007ffc58ffe000 	C:\Windows\System32\msvcrt.dll
0x00007ffc57f00000 - 0x00007ffc57f2f000 	C:\Windows\System32\IMM32.DLL
0x00007ffc53120000 - 0x00007ffc5312c000 	C:\Program Files (x86)\Android\openjdk\jdk-17.0.8.101-hotspot\bin\vcruntime140_1.dll
0x00007ffc47ab0000 - 0x00007ffc47b3d000 	C:\Program Files (x86)\Android\openjdk\jdk-17.0.8.101-hotspot\bin\msvcp140.dll
0x00007ffb80750000 - 0x00007ffb813b5000 	C:\Program Files (x86)\Android\openjdk\jdk-17.0.8.101-hotspot\bin\server\jvm.dll
0x00007ffc583d0000 - 0x00007ffc58480000 	C:\Windows\System32\ADVAPI32.dll
0x00007ffc58260000 - 0x00007ffc58300000 	C:\Windows\System32\sechost.dll
0x00007ffc58d00000 - 0x00007ffc58e23000 	C:\Windows\System32\RPCRT4.dll
0x00007ffc56b00000 - 0x00007ffc56b27000 	C:\Windows\System32\bcrypt.dll
0x00007ffc56960000 - 0x00007ffc569ab000 	C:\Windows\SYSTEM32\POWRPROF.dll
0x00007ffc352e0000 - 0x00007ffc352e9000 	C:\Windows\SYSTEM32\WSOCK32.dll
0x00007ffc58c60000 - 0x00007ffc58ccb000 	C:\Windows\System32\WS2_32.dll
0x00007ffc53b10000 - 0x00007ffc53b37000 	C:\Windows\SYSTEM32\WINMM.dll
0x00007ffc4cbb0000 - 0x00007ffc4cbba000 	C:\Windows\SYSTEM32\VERSION.dll
0x00007ffc56940000 - 0x00007ffc56952000 	C:\Windows\SYSTEM32\UMPDC.dll
0x00007ffc54940000 - 0x00007ffc54952000 	C:\Windows\SYSTEM32\kernel.appcore.dll
0x00007ffc50f60000 - 0x00007ffc50f6a000 	C:\Program Files (x86)\Android\openjdk\jdk-17.0.8.101-hotspot\bin\jimage.dll
0x00007ffc4a850000 - 0x00007ffc4aa34000 	C:\Windows\SYSTEM32\DBGHELP.DLL
0x00007ffc4a810000 - 0x00007ffc4a844000 	C:\Windows\SYSTEM32\dbgcore.DLL
0x00007ffc56c90000 - 0x00007ffc56d12000 	C:\Windows\System32\bcryptPrimitives.dll
0x00007ffc4cd50000 - 0x00007ffc4cd75000 	C:\Program Files (x86)\Android\openjdk\jdk-17.0.8.101-hotspot\bin\java.dll
0x00007ffc0aa10000 - 0x00007ffc0aae7000 	C:\Program Files (x86)\Android\openjdk\jdk-17.0.8.101-hotspot\bin\jsvml.dll
0x00007ffc575f0000 - 0x00007ffc57d5f000 	C:\Windows\System32\SHELL32.dll
0x00007ffc54b40000 - 0x00007ffc552e4000 	C:\Windows\SYSTEM32\windows.storage.dll
0x00007ffc58490000 - 0x00007ffc587e3000 	C:\Windows\System32\combase.dll
0x00007ffc56380000 - 0x00007ffc563ae000 	C:\Windows\SYSTEM32\Wldp.dll
0x00007ffc59340000 - 0x00007ffc5940d000 	C:\Windows\System32\OLEAUT32.dll
0x00007ffc58eb0000 - 0x00007ffc58f5d000 	C:\Windows\System32\SHCORE.dll
0x00007ffc59270000 - 0x00007ffc592c5000 	C:\Windows\System32\shlwapi.dll
0x00007ffc56a30000 - 0x00007ffc56a54000 	C:\Windows\SYSTEM32\profapi.dll
0x00007ffc50f40000 - 0x00007ffc50f59000 	C:\Program Files (x86)\Android\openjdk\jdk-17.0.8.101-hotspot\bin\net.dll
0x00007ffc4ebc0000 - 0x00007ffc4eccd000 	C:\Windows\SYSTEM32\WINHTTP.dll
0x00007ffc56160000 - 0x00007ffc561ca000 	C:\Windows\system32\mswsock.dll
0x00007ffc4eed0000 - 0x00007ffc4eee6000 	C:\Program Files (x86)\Android\openjdk\jdk-17.0.8.101-hotspot\bin\nio.dll
0x00007ffc48750000 - 0x00007ffc48768000 	C:\Program Files (x86)\Android\openjdk\jdk-17.0.8.101-hotspot\bin\zip.dll

dbghelp: loaded successfully - version: 4.0.5 - missing functions: none
symbol engine: initialized successfully - sym options: 0x614 - pdb path: .;C:\Program Files (x86)\Android\openjdk\jdk-17.0.8.101-hotspot\bin;C:\Windows\SYSTEM32;C:\Windows\WinSxS\amd64_microsoft.windows.common-controls_6595b64144ccf1df_6.0.19041.4355_none_60b8b9eb71f62e16;C:\Program Files (x86)\Android\openjdk\jdk-17.0.8.101-hotspot\bin\server

VM Arguments:
jvm_args: -Dapplication.home=C:\Program Files (x86)\Android\openjdk\jdk-17.0.8.101-hotspot --add-modules=ALL-DEFAULT -Xms8m -Dfile.encoding=UTF8 -Djdk.module.main=jdk.compiler 
java_command: jdk.compiler/com.sun.tools.javac.Main @C:\Users\DELL\AppData\Local\Temp\tmpD1F0.tmp -target 1.8 -source 1.8
java_class_path (initial): <not set>
Launcher Type: SUN_STANDARD

[Global flags]
     intx CICompilerCount                          = 3                                         {product} {ergonomic}
     uint ConcGCThreads                            = 1                                         {product} {ergonomic}
     uint G1ConcRefinementThreads                  = 4                                         {product} {ergonomic}
   size_t G1HeapRegionSize                         = 1048576                                   {product} {ergonomic}
    uintx GCDrainStackTargetSize                   = 64                                        {product} {ergonomic}
   size_t InitialHeapSize                          = 8388608                                   {product} {command line}
   size_t MarkStackSize                            = 4194304                                   {product} {ergonomic}
   size_t MaxHeapSize                              = 1059061760                                {product} {ergonomic}
   size_t MaxNewSize                               = 635437056                                 {product} {ergonomic}
   size_t MinHeapDeltaBytes                        = 1048576                                   {product} {ergonomic}
   size_t MinHeapSize                              = 8388608                                   {product} {command line}
    uintx NonNMethodCodeHeapSize                   = 5832780                                {pd product} {ergonomic}
    uintx NonProfiledCodeHeapSize                  = 122912730                              {pd product} {ergonomic}
    uintx ProfiledCodeHeapSize                     = 122912730                              {pd product} {ergonomic}
    uintx ReservedCodeCacheSize                    = 251658240                              {pd product} {ergonomic}
     bool SegmentedCodeCache                       = true                                      {product} {ergonomic}
   size_t SoftMaxHeapSize                          = 1059061760                             {manageable} {ergonomic}
     bool UseCompressedClassPointers               = true                           {product lp64_product} {ergonomic}
     bool UseCompressedOops                        = true                           {product lp64_product} {ergonomic}
     bool UseG1GC                                  = true                                      {product} {ergonomic}
     bool UseLargePagesIndividualAllocation        = false                                  {pd product} {ergonomic}

Logging:
Log output configuration:
 #0: stdout all=warning uptime,level,tags
 #1: stderr all=off uptime,level,tags

Environment Variables:
PATH=C:\Program Files (x86)\Android\openjdk\jdk-17.0.8.101-hotspot\bin;C:\Windows\system32;C:\Windows;C:\Windows\System32\Wbem;C:\Windows\System32\WindowsPowerShell\v1.0\;C:\Windows\System32\OpenSSH\;C:\Program Files\Git\cmd;C:\Program Files (x86)\Microsoft SQL Server\160\DTS\Binn\;C:\Program Files\nodejs\;G:\zoha\Nmap\;C:\Users\DELL\AppData\Local\Programs\Python\Python312\Scripts;C:\Program Files\Microsoft SQL Server\150\Tools\Binn\;C:\Program Files\dotnet\;C:\Users\DELL\AppData\Local\Microsoft\WindowsApps;C:\Users\DELL\AppData\Local\Programs\Microsoft VS Code\bin;C:\Users\DELL\AppData\Local\Programs\Python\Python311;G:\flutter\bin;C:\Users\DELL\AppData\Local\GitHubDesktop\bin;C:\Program Files\Azure Data Studio\bin;C:\Users\DELL\AppData\Roaming\npm;C:\Program Files (x86)\Nmap;G:\zoha\Nmap;C:\mingw\mingw64\bin;G:\Semester7\cc\lab\GnuWin32\bin;C:\Users\DELL\.dotnet\tools;F:\values\mingw\mingw64\bin;
USERNAME=DELL
OS=Windows_NT
PROCESSOR_IDENTIFIER=Intel64 Family 6 Model 58 Stepping 9, GenuineIntel
TMP=C:\Users\DELL\AppData\Local\Temp
TEMP=C:\Users\DELL\AppData\Local\Temp



---------------  S Y S T E M  ---------------

OS:
 Windows 10 , 64 bit Build 19041 (10.0.19041.4957)
OS uptime: 2 days 3:50 hours
Hyper-V role detected

CPU: total 4 (initial active 4) (2 cores per cpu, 2 threads per core) family 6 model 58 stepping 9 microcode 0x21, cx8, cmov, fxsr, ht, mmx, sse, sse2, sse3, ssse3, sse4.1, sse4.2, popcnt, tsc, tscinvbit, avx, aes, erms, clmul, vzeroupper, clflush, hv
Processor Information for all 4 processors :
  Max Mhz: 2701, Current Mhz: 2701, Mhz Limit: 2701

Memory: 4k page, system-wide physical 4035M (318M free)
TotalPageFile size 16285M (AvailPageFile size 71M)
current process WorkingSet (physical memory assigned to process): 168M, peak: 171M
current process commit charge ("private bytes"): 208M, peak: 322M

vm_info: OpenJDK 64-Bit Server VM (17.0.8.1+1-LTS) for windows-amd64 JRE (17.0.8.1+1-LTS), built on Aug 23 2023 17:38:52 by "MicrosoftCorporation" with MS VC++ 16.10 / 16.11 (VS2019)

END.
